2018/05/21 17:55:14.074 [D] [init.go:62] init logs success
2018/05/21 17:55:14.076 [D] [asm_amd64.s:2337] Dispose goroutine running
2018/05/21 17:55:14.076 [D] [asm_amd64.s:2337] read goroutine running
2018/05/21 17:55:14.076 [D] [asm_amd64.s:2337] Dispose goroutine running
2018/05/21 17:55:14.076 [D] [asm_amd64.s:2337] Dispose goroutine running
2018/05/21 17:55:14.076 [D] [asm_amd64.s:2337] Dispose goroutine running
2018/05/21 17:55:14.076 [D] [asm_amd64.s:2337] Dispose goroutine running
2018/05/21 17:55:14.076 [D] [asm_amd64.s:2337] Dispose goroutine running
2018/05/21 17:55:14.076 [D] [asm_amd64.s:2337] Dispose goroutine running
2018/05/21 17:55:14.076 [D] [asm_amd64.s:2337] Dispose goroutine running
2018/05/21 17:55:14.076 [D] [asm_amd64.s:2337] read goroutine running
2018/05/21 17:55:14.076 [D] [asm_amd64.s:2337] Dispose goroutine running
2018/05/21 17:55:14.076 [D] [asm_amd64.s:2337] read goroutine running
2018/05/21 17:55:14.077 [D] [asm_amd64.s:2337] Dispose goroutine running
2018/05/21 17:55:14.077 [D] [asm_amd64.s:2337] read goroutine running
2018/05/21 17:55:14.076 [D] [asm_amd64.s:2337] read goroutine running
2018/05/21 17:55:14.077 [D] [asm_amd64.s:2337] read goroutine running
2018/05/21 17:55:14.077 [D] [asm_amd64.s:2337] read goroutine running
2018/05/21 17:55:14.077 [D] [asm_amd64.s:2337] read goroutine running
2018/05/21 17:55:14.077 [D] [asm_amd64.s:2337] read goroutine running
2018/05/21 17:55:14.077 [D] [asm_amd64.s:2337] read goroutine running
2018/05/21 17:55:14.077 [D] [asm_amd64.s:2337] read goroutine running
2018/05/21 17:55:14.077 [D] [asm_amd64.s:2337] read goroutine running
2018/05/21 17:55:14.077 [D] [asm_amd64.s:2337] read goroutine running
2018/05/21 17:55:14.077 [D] [asm_amd64.s:2337] read goroutine running
2018/05/21 17:55:14.077 [D] [asm_amd64.s:2337] write goroutine running
2018/05/21 17:55:14.077 [D] [asm_amd64.s:2337] write goroutine running
2018/05/21 17:55:14.077 [D] [asm_amd64.s:2337] write goroutine running
2018/05/21 17:55:14.077 [D] [asm_amd64.s:2337] write goroutine running
2018/05/21 17:55:14.077 [D] [asm_amd64.s:2337] write goroutine running
2018/05/21 17:55:14.077 [D] [asm_amd64.s:2337] write goroutine running
2018/05/21 17:55:14.077 [D] [asm_amd64.s:2337] write goroutine running
2018/05/21 17:55:14.077 [D] [asm_amd64.s:2337] write goroutine running
2018/05/21 17:55:14.077 [D] [asm_amd64.s:2337] write goroutine running
2018/05/21 17:55:14.077 [D] [asm_amd64.s:2337] write goroutine running
2018/05/21 17:55:14.077 [D] [asm_amd64.s:2337] write goroutine running
2018/05/21 17:55:14.077 [D] [asm_amd64.s:2337] write goroutine running
2018/05/21 17:55:14.077 [D] [asm_amd64.s:2337] write goroutine running
2018/05/21 17:55:14.076 [D] [asm_amd64.s:2337] read goroutine running
2018/05/21 17:55:14.077 [D] [asm_amd64.s:2337] write goroutine running
2018/05/21 17:55:14.077 [D] [asm_amd64.s:2337] read goroutine running
2018/05/21 17:55:14.077 [D] [asm_amd64.s:2337] write goroutine running
2018/05/21 17:55:14.077 [D] [asm_amd64.s:2337] write goroutine running
2018/05/21 17:55:14.086 [I] [asm_amd64.s:2337] http server Running on http://:8088
2018/05/21 17:55:25.779 [D] [init.go:62] init logs success
2018/05/21 17:55:25.782 [D] [asm_amd64.s:2337] Dispose goroutine running
2018/05/21 17:55:25.782 [D] [asm_amd64.s:2337] read goroutine running
2018/05/21 17:55:25.782 [D] [asm_amd64.s:2337] Dispose goroutine running
2018/05/21 17:55:25.782 [D] [asm_amd64.s:2337] Dispose goroutine running
2018/05/21 17:55:25.782 [D] [asm_amd64.s:2337] Dispose goroutine running
2018/05/21 17:55:25.782 [D] [asm_amd64.s:2337] Dispose goroutine running
2018/05/21 17:55:25.782 [D] [asm_amd64.s:2337] Dispose goroutine running
2018/05/21 17:55:25.782 [D] [asm_amd64.s:2337] Dispose goroutine running
2018/05/21 17:55:25.782 [D] [asm_amd64.s:2337] read goroutine running
2018/05/21 17:55:25.782 [D] [asm_amd64.s:2337] Dispose goroutine running
2018/05/21 17:55:25.782 [D] [asm_amd64.s:2337] Dispose goroutine running
2018/05/21 17:55:25.782 [D] [asm_amd64.s:2337] read goroutine running
2018/05/21 17:55:25.782 [D] [asm_amd64.s:2337] Dispose goroutine running
2018/05/21 17:55:25.782 [D] [asm_amd64.s:2337] read goroutine running
2018/05/21 17:55:25.782 [D] [asm_amd64.s:2337] read goroutine running
2018/05/21 17:55:25.782 [D] [asm_amd64.s:2337] read goroutine running
2018/05/21 17:55:25.782 [D] [asm_amd64.s:2337] read goroutine running
2018/05/21 17:55:25.782 [D] [asm_amd64.s:2337] read goroutine running
2018/05/21 17:55:25.782 [D] [asm_amd64.s:2337] read goroutine running
2018/05/21 17:55:25.782 [D] [asm_amd64.s:2337] read goroutine running
2018/05/21 17:55:25.782 [D] [asm_amd64.s:2337] read goroutine running
2018/05/21 17:55:25.782 [D] [asm_amd64.s:2337] read goroutine running
2018/05/21 17:55:25.782 [D] [asm_amd64.s:2337] read goroutine running
2018/05/21 17:55:25.782 [D] [asm_amd64.s:2337] read goroutine running
2018/05/21 17:55:25.782 [D] [asm_amd64.s:2337] read goroutine running
2018/05/21 17:55:25.782 [D] [asm_amd64.s:2337] read goroutine running
2018/05/21 17:55:25.783 [D] [asm_amd64.s:2337] write goroutine running
2018/05/21 17:55:25.783 [D] [asm_amd64.s:2337] write goroutine running
2018/05/21 17:55:25.783 [D] [asm_amd64.s:2337] write goroutine running
2018/05/21 17:55:25.783 [D] [asm_amd64.s:2337] write goroutine running
2018/05/21 17:55:25.783 [D] [asm_amd64.s:2337] write goroutine running
2018/05/21 17:55:25.783 [D] [asm_amd64.s:2337] write goroutine running
2018/05/21 17:55:25.783 [D] [asm_amd64.s:2337] write goroutine running
2018/05/21 17:55:25.783 [D] [asm_amd64.s:2337] write goroutine running
2018/05/21 17:55:25.783 [D] [asm_amd64.s:2337] write goroutine running
2018/05/21 17:55:25.783 [D] [asm_amd64.s:2337] write goroutine running
2018/05/21 17:55:25.783 [D] [asm_amd64.s:2337] write goroutine running
2018/05/21 17:55:25.783 [D] [asm_amd64.s:2337] write goroutine running
2018/05/21 17:55:25.783 [D] [asm_amd64.s:2337] write goroutine running
2018/05/21 17:55:25.783 [D] [asm_amd64.s:2337] write goroutine running
2018/05/21 17:55:25.783 [D] [asm_amd64.s:2337] write goroutine running
2018/05/21 17:55:25.783 [D] [asm_amd64.s:2337] write goroutine running
2018/05/21 17:55:25.791 [I] [asm_amd64.s:2337] http server Running on http://:8088
2018/05/21 17:55:47.239 [D] [init.go:62] init logs success
2018/05/21 17:55:47.241 [D] [asm_amd64.s:2337] read goroutine running
2018/05/21 17:55:47.241 [D] [asm_amd64.s:2337] read goroutine running
2018/05/21 17:55:47.241 [D] [asm_amd64.s:2337] read goroutine running
2018/05/21 17:55:47.241 [D] [asm_amd64.s:2337] read goroutine running
2018/05/21 17:55:47.241 [D] [asm_amd64.s:2337] read goroutine running
2018/05/21 17:55:47.242 [D] [asm_amd64.s:2337] read goroutine running
2018/05/21 17:55:47.242 [D] [asm_amd64.s:2337] read goroutine running
2018/05/21 17:55:47.242 [D] [asm_amd64.s:2337] read goroutine running
2018/05/21 17:55:47.242 [D] [asm_amd64.s:2337] read goroutine running
2018/05/21 17:55:47.242 [D] [asm_amd64.s:2337] read goroutine running
2018/05/21 17:55:47.242 [D] [asm_amd64.s:2337] read goroutine running
2018/05/21 17:55:47.242 [D] [asm_amd64.s:2337] read goroutine running
2018/05/21 17:55:47.242 [D] [asm_amd64.s:2337] read goroutine running
2018/05/21 17:55:47.242 [D] [asm_amd64.s:2337] read goroutine running
2018/05/21 17:55:47.243 [D] [asm_amd64.s:2337] Dispose goroutine running
2018/05/21 17:55:47.243 [D] [asm_amd64.s:2337] Dispose goroutine running
2018/05/21 17:55:47.243 [D] [asm_amd64.s:2337] Dispose goroutine running
2018/05/21 17:55:47.243 [D] [asm_amd64.s:2337] Dispose goroutine running
2018/05/21 17:55:47.242 [D] [asm_amd64.s:2337] read goroutine running
2018/05/21 17:55:47.243 [D] [asm_amd64.s:2337] write goroutine running
2018/05/21 17:55:47.241 [D] [asm_amd64.s:2337] read goroutine running
2018/05/21 17:55:47.243 [D] [asm_amd64.s:2337] Dispose goroutine running
2018/05/21 17:55:47.243 [D] [asm_amd64.s:2337] Dispose goroutine running
2018/05/21 17:55:47.243 [D] [asm_amd64.s:2337] Dispose goroutine running
2018/05/21 17:55:47.243 [D] [asm_amd64.s:2337] Dispose goroutine running
2018/05/21 17:55:47.243 [D] [asm_amd64.s:2337] Dispose goroutine running
2018/05/21 17:55:47.243 [D] [asm_amd64.s:2337] Dispose goroutine running
2018/05/21 17:55:47.243 [D] [asm_amd64.s:2337] write goroutine running
2018/05/21 17:55:47.243 [D] [asm_amd64.s:2337] write goroutine running
2018/05/21 17:55:47.243 [D] [asm_amd64.s:2337] write goroutine running
2018/05/21 17:55:47.243 [D] [asm_amd64.s:2337] write goroutine running
2018/05/21 17:55:47.243 [D] [asm_amd64.s:2337] write goroutine running
2018/05/21 17:55:47.243 [D] [asm_amd64.s:2337] write goroutine running
2018/05/21 17:55:47.243 [D] [asm_amd64.s:2337] write goroutine running
2018/05/21 17:55:47.243 [D] [asm_amd64.s:2337] write goroutine running
2018/05/21 17:55:47.243 [D] [asm_amd64.s:2337] write goroutine running
2018/05/21 17:55:47.243 [D] [asm_amd64.s:2337] write goroutine running
2018/05/21 17:55:47.243 [D] [asm_amd64.s:2337] write goroutine running
2018/05/21 17:55:47.243 [D] [asm_amd64.s:2337] write goroutine running
2018/05/21 17:55:47.243 [D] [asm_amd64.s:2337] write goroutine running
2018/05/21 17:55:47.243 [D] [asm_amd64.s:2337] write goroutine running
2018/05/21 17:55:47.243 [D] [asm_amd64.s:2337] write goroutine running
2018/05/21 17:55:47.249 [I] [asm_amd64.s:2337] http server Running on http://:8088
2018/05/21 17:56:07.843 [D] [init.go:62] init logs success
2018/05/21 17:56:07.845 [D] [asm_amd64.s:2337] read goroutine running
2018/05/21 17:56:07.846 [D] [asm_amd64.s:2337] read goroutine running
2018/05/21 17:56:07.846 [D] [asm_amd64.s:2337] read goroutine running
2018/05/21 17:56:07.846 [D] [asm_amd64.s:2337] Dispose goroutine running
2018/05/21 17:56:07.846 [D] [asm_amd64.s:2337] Dispose goroutine running
2018/05/21 17:56:07.846 [D] [asm_amd64.s:2337] read goroutine running
2018/05/21 17:56:07.846 [D] [asm_amd64.s:2337] Dispose goroutine running
2018/05/21 17:56:07.846 [D] [asm_amd64.s:2337] read goroutine running
2018/05/21 17:56:07.846 [D] [asm_amd64.s:2337] read goroutine running
2018/05/21 17:56:07.845 [D] [asm_amd64.s:2337] read goroutine running
2018/05/21 17:56:07.845 [D] [asm_amd64.s:2337] Dispose goroutine running
2018/05/21 17:56:07.845 [D] [asm_amd64.s:2337] read goroutine running
2018/05/21 17:56:07.846 [D] [asm_amd64.s:2337] read goroutine running
2018/05/21 17:56:07.846 [D] [asm_amd64.s:2337] Dispose goroutine running
2018/05/21 17:56:07.846 [D] [asm_amd64.s:2337] Dispose goroutine running
2018/05/21 17:56:07.846 [D] [asm_amd64.s:2337] Dispose goroutine running
2018/05/21 17:56:07.846 [D] [asm_amd64.s:2337] Dispose goroutine running
2018/05/21 17:56:07.846 [D] [asm_amd64.s:2337] Dispose goroutine running
2018/05/21 17:56:07.846 [D] [asm_amd64.s:2337] Dispose goroutine running
2018/05/21 17:56:07.846 [D] [asm_amd64.s:2337] read goroutine running
2018/05/21 17:56:07.846 [D] [asm_amd64.s:2337] read goroutine running
2018/05/21 17:56:07.846 [D] [asm_amd64.s:2337] read goroutine running
2018/05/21 17:56:07.846 [D] [asm_amd64.s:2337] read goroutine running
2018/05/21 17:56:07.846 [D] [asm_amd64.s:2337] read goroutine running
2018/05/21 17:56:07.846 [D] [asm_amd64.s:2337] read goroutine running
2018/05/21 17:56:07.846 [D] [asm_amd64.s:2337] read goroutine running
2018/05/21 17:56:07.846 [D] [asm_amd64.s:2337] write goroutine running
2018/05/21 17:56:07.846 [D] [asm_amd64.s:2337] write goroutine running
2018/05/21 17:56:07.846 [D] [asm_amd64.s:2337] write goroutine running
2018/05/21 17:56:07.846 [D] [asm_amd64.s:2337] write goroutine running
2018/05/21 17:56:07.847 [D] [asm_amd64.s:2337] write goroutine running
2018/05/21 17:56:07.846 [D] [asm_amd64.s:2337] write goroutine running
2018/05/21 17:56:07.846 [D] [asm_amd64.s:2337] write goroutine running
2018/05/21 17:56:07.847 [D] [asm_amd64.s:2337] write goroutine running
2018/05/21 17:56:07.847 [D] [asm_amd64.s:2337] write goroutine running
2018/05/21 17:56:07.847 [D] [asm_amd64.s:2337] write goroutine running
2018/05/21 17:56:07.847 [D] [asm_amd64.s:2337] write goroutine running
2018/05/21 17:56:07.847 [D] [asm_amd64.s:2337] write goroutine running
2018/05/21 17:56:07.847 [D] [asm_amd64.s:2337] write goroutine running
2018/05/21 17:56:07.847 [D] [asm_amd64.s:2337] write goroutine running
2018/05/21 17:56:07.847 [D] [asm_amd64.s:2337] write goroutine running
2018/05/21 17:56:07.847 [D] [asm_amd64.s:2337] write goroutine running
2018/05/21 17:56:07.860 [I] [asm_amd64.s:2337] http server Running on http://:8088
2018/05/21 17:56:13.761 [D] [init.go:62] init logs success
2018/05/21 17:56:13.763 [D] [asm_amd64.s:2337] read goroutine running
2018/05/21 17:56:13.763 [D] [asm_amd64.s:2337] Dispose goroutine running
2018/05/21 17:56:13.764 [D] [asm_amd64.s:2337] Dispose goroutine running
2018/05/21 17:56:13.764 [D] [asm_amd64.s:2337] Dispose goroutine running
2018/05/21 17:56:13.764 [D] [asm_amd64.s:2337] Dispose goroutine running
2018/05/21 17:56:13.764 [D] [asm_amd64.s:2337] Dispose goroutine running
2018/05/21 17:56:13.764 [D] [asm_amd64.s:2337] Dispose goroutine running
2018/05/21 17:56:13.764 [D] [asm_amd64.s:2337] Dispose goroutine running
2018/05/21 17:56:13.764 [D] [asm_amd64.s:2337] read goroutine running
2018/05/21 17:56:13.764 [D] [asm_amd64.s:2337] read goroutine running
2018/05/21 17:56:13.763 [D] [asm_amd64.s:2337] Dispose goroutine running
2018/05/21 17:56:13.763 [D] [asm_amd64.s:2337] Dispose goroutine running
2018/05/21 17:56:13.764 [D] [asm_amd64.s:2337] read goroutine running
2018/05/21 17:56:13.764 [D] [asm_amd64.s:2337] read goroutine running
2018/05/21 17:56:13.764 [D] [asm_amd64.s:2337] read goroutine running
2018/05/21 17:56:13.764 [D] [asm_amd64.s:2337] read goroutine running
2018/05/21 17:56:13.764 [D] [asm_amd64.s:2337] read goroutine running
2018/05/21 17:56:13.764 [D] [asm_amd64.s:2337] read goroutine running
2018/05/21 17:56:13.764 [D] [asm_amd64.s:2337] read goroutine running
2018/05/21 17:56:13.764 [D] [asm_amd64.s:2337] read goroutine running
2018/05/21 17:56:13.764 [D] [asm_amd64.s:2337] read goroutine running
2018/05/21 17:56:13.764 [D] [asm_amd64.s:2337] read goroutine running
2018/05/21 17:56:13.763 [D] [asm_amd64.s:2337] Dispose goroutine running
2018/05/21 17:56:13.764 [D] [asm_amd64.s:2337] read goroutine running
2018/05/21 17:56:13.764 [D] [asm_amd64.s:2337] read goroutine running
2018/05/21 17:56:13.764 [D] [asm_amd64.s:2337] read goroutine running
2018/05/21 17:56:13.764 [D] [asm_amd64.s:2337] write goroutine running
2018/05/21 17:56:13.764 [D] [asm_amd64.s:2337] write goroutine running
2018/05/21 17:56:13.764 [D] [asm_amd64.s:2337] write goroutine running
2018/05/21 17:56:13.765 [D] [asm_amd64.s:2337] write goroutine running
2018/05/21 17:56:13.765 [D] [asm_amd64.s:2337] write goroutine running
2018/05/21 17:56:13.765 [D] [asm_amd64.s:2337] write goroutine running
2018/05/21 17:56:13.765 [D] [asm_amd64.s:2337] write goroutine running
2018/05/21 17:56:13.765 [D] [asm_amd64.s:2337] write goroutine running
2018/05/21 17:56:13.765 [D] [asm_amd64.s:2337] write goroutine running
2018/05/21 17:56:13.765 [D] [asm_amd64.s:2337] write goroutine running
2018/05/21 17:56:13.765 [D] [asm_amd64.s:2337] write goroutine running
2018/05/21 17:56:13.765 [D] [asm_amd64.s:2337] write goroutine running
2018/05/21 17:56:13.765 [D] [asm_amd64.s:2337] write goroutine running
2018/05/21 17:56:13.765 [D] [asm_amd64.s:2337] write goroutine running
2018/05/21 17:56:13.765 [D] [asm_amd64.s:2337] write goroutine running
2018/05/21 17:56:13.765 [D] [asm_amd64.s:2337] write goroutine running
2018/05/21 17:56:13.775 [I] [asm_amd64.s:2337] http server Running on http://:8088
2018/05/21 17:56:27.806 [D] [init.go:62] init logs success
2018/05/21 17:56:27.808 [D] [asm_amd64.s:2337] read goroutine running
2018/05/21 17:56:27.808 [D] [asm_amd64.s:2337] Dispose goroutine running
2018/05/21 17:56:27.808 [D] [asm_amd64.s:2337] Dispose goroutine running
2018/05/21 17:56:27.809 [D] [asm_amd64.s:2337] Dispose goroutine running
2018/05/21 17:56:27.809 [D] [asm_amd64.s:2337] read goroutine running
2018/05/21 17:56:27.809 [D] [asm_amd64.s:2337] read goroutine running
2018/05/21 17:56:27.809 [D] [asm_amd64.s:2337] read goroutine running
2018/05/21 17:56:27.809 [D] [asm_amd64.s:2337] read goroutine running
2018/05/21 17:56:27.809 [D] [asm_amd64.s:2337] read goroutine running
2018/05/21 17:56:27.809 [D] [asm_amd64.s:2337] read goroutine running
2018/05/21 17:56:27.809 [D] [asm_amd64.s:2337] read goroutine running
2018/05/21 17:56:27.809 [D] [asm_amd64.s:2337] read goroutine running
2018/05/21 17:56:27.809 [D] [asm_amd64.s:2337] read goroutine running
2018/05/21 17:56:27.809 [D] [asm_amd64.s:2337] Dispose goroutine running
2018/05/21 17:56:27.809 [D] [asm_amd64.s:2337] Dispose goroutine running
2018/05/21 17:56:27.809 [D] [asm_amd64.s:2337] Dispose goroutine running
2018/05/21 17:56:27.809 [D] [asm_amd64.s:2337] Dispose goroutine running
2018/05/21 17:56:27.809 [D] [asm_amd64.s:2337] Dispose goroutine running
2018/05/21 17:56:27.809 [D] [asm_amd64.s:2337] Dispose goroutine running
2018/05/21 17:56:27.809 [D] [asm_amd64.s:2337] read goroutine running
2018/05/21 17:56:27.809 [D] [asm_amd64.s:2337] read goroutine running
2018/05/21 17:56:27.809 [D] [asm_amd64.s:2337] read goroutine running
2018/05/21 17:56:27.809 [D] [asm_amd64.s:2337] read goroutine running
2018/05/21 17:56:27.809 [D] [asm_amd64.s:2337] Dispose goroutine running
2018/05/21 17:56:27.809 [D] [asm_amd64.s:2337] read goroutine running
2018/05/21 17:56:27.809 [D] [asm_amd64.s:2337] read goroutine running
2018/05/21 17:56:27.813 [D] [asm_amd64.s:2337] write goroutine running
2018/05/21 17:56:27.814 [D] [asm_amd64.s:2337] write goroutine running
2018/05/21 17:56:27.814 [D] [asm_amd64.s:2337] write goroutine running
2018/05/21 17:56:27.813 [D] [asm_amd64.s:2337] write goroutine running
2018/05/21 17:56:27.814 [D] [asm_amd64.s:2337] write goroutine running
2018/05/21 17:56:27.814 [D] [asm_amd64.s:2337] write goroutine running
2018/05/21 17:56:27.814 [D] [asm_amd64.s:2337] write goroutine running
2018/05/21 17:56:27.814 [D] [asm_amd64.s:2337] write goroutine running
2018/05/21 17:56:27.814 [D] [asm_amd64.s:2337] write goroutine running
2018/05/21 17:56:27.814 [D] [asm_amd64.s:2337] write goroutine running
2018/05/21 17:56:27.814 [D] [asm_amd64.s:2337] write goroutine running
2018/05/21 17:56:27.814 [D] [asm_amd64.s:2337] write goroutine running
2018/05/21 17:56:27.814 [D] [asm_amd64.s:2337] write goroutine running
2018/05/21 17:56:27.814 [D] [asm_amd64.s:2337] write goroutine running
2018/05/21 17:56:27.814 [D] [asm_amd64.s:2337] write goroutine running
2018/05/21 17:56:27.814 [D] [asm_amd64.s:2337] write goroutine running
2018/05/21 17:56:27.825 [I] [asm_amd64.s:2337] http server Running on http://:8088
2018/05/21 17:56:36.706 [D] [server.go:2610] 127.0.0.1 - - [21/May/2018 05:56:36] "GET /seckill/index HTTP/1.1 302 0" 0.001929 http://127.0.0.1:8080/seckill/user/login Mozilla/5.0 (Macintosh; Intel Mac OS X 10_13_4) AppleWebKit/537.36 (KHTML, like Gecko) Chrome/66.0.3359.181 Safari/537.36

2018/05/21 17:56:36.713 [D] [server.go:2610] 127.0.0.1 - - [21/May/2018 05:56:36] "GET /seckill/user/login HTTP/1.1 200 0" 0.004592 http://127.0.0.1:8080/seckill/user/login Mozilla/5.0 (Macintosh; Intel Mac OS X 10_13_4) AppleWebKit/537.36 (KHTML, like Gecko) Chrome/66.0.3359.181 Safari/537.36

2018/05/21 17:56:36.730 [D] [server.go:2610] 127.0.0.1 - - [21/May/2018 05:56:36] "GET /captcha/GszVqX2RQGcBxJr.png HTTP/1.1 200 0" 0.008192 http://127.0.0.1:8080/seckill/user/login Mozilla/5.0 (Macintosh; Intel Mac OS X 10_13_4) AppleWebKit/537.36 (KHTML, like Gecko) Chrome/66.0.3359.181 Safari/537.36

2018/05/21 17:56:39.934 [D] [server.go:2610] 127.0.0.1 - - [21/May/2018 05:56:39] "GET /captcha/GszVqX2RQGcBxJr.png?reload=1526896599925 HTTP/1.1 200 0" 0.007060 http://127.0.0.1:8080/seckill/user/login Mozilla/5.0 (Macintosh; Intel Mac OS X 10_13_4) AppleWebKit/537.36 (KHTML, like Gecko) Chrome/66.0.3359.181 Safari/537.36

2018/05/21 17:56:48.033 [D] [server.go:2610] 127.0.0.1 - - [21/May/2018 05:56:48] "POST /seckill/user/login HTTP/1.1 302 0" 0.004331 http://127.0.0.1:8080/seckill/user/login Mozilla/5.0 (Macintosh; Intel Mac OS X 10_13_4) AppleWebKit/537.36 (KHTML, like Gecko) Chrome/66.0.3359.181 Safari/537.36

2018/05/21 17:56:48.038 [D] [server.go:2610] 127.0.0.1 - - [21/May/2018 05:56:48] "GET /seckill/index HTTP/1.1 200 0" 0.001460 http://127.0.0.1:8080/seckill/user/login Mozilla/5.0 (Macintosh; Intel Mac OS X 10_13_4) AppleWebKit/537.36 (KHTML, like Gecko) Chrome/66.0.3359.181 Safari/537.36

2018/05/21 17:56:49.174 [D] [asm_amd64.s:2337] pop from queue, data:{"ActivityId":2,"UserId":1,"Ip":"127.0.0.1:51323","ClientAddr":"http://127.0.0.1:8080/seckill/index","ClientRefence":"127.0.0.1"}
2018/05/21 17:56:49.174 [E] [redis.go:71] 非法ip : http://127.0.0.1:8080/seckill/index 访问 
2018/05/21 17:56:53.449 [D] [server.go:2610] 127.0.0.1 - - [21/May/2018 05:56:49] "GET /seckill/seckill/2 HTTP/1.1 200 0" 4.277751 http://127.0.0.1:8080/seckill/index Mozilla/5.0 (Macintosh; Intel Mac OS X 10_13_4) AppleWebKit/537.36 (KHTML, like Gecko) Chrome/66.0.3359.181 Safari/537.36

2018/05/21 17:56:53.450 [D] [asm_amd64.s:2337] pop from queue, data:{"ActivityId":2,"UserId":1,"Ip":"127.0.0.1:51599","ClientAddr":"http://127.0.0.1:8080/seckill/index","ClientRefence":"127.0.0.1"}
2018/05/21 17:56:53.451 [E] [redis.go:71] 非法ip : http://127.0.0.1:8080/seckill/index 访问 
2018/05/21 17:57:03.454 [D] [server.go:2610] 127.0.0.1 - - [21/May/2018 05:56:53] "GET /seckill/seckill/2 HTTP/1.1 200 0" 10.005085 http://127.0.0.1:8080/seckill/index Mozilla/5.0 (Macintosh; Intel Mac OS X 10_13_4) AppleWebKit/537.36 (KHTML, like Gecko) Chrome/66.0.3359.181 Safari/537.36

2018/05/21 17:57:53.574 [D] [init.go:62] init logs success
2018/05/21 17:57:53.580 [D] [asm_amd64.s:2337] read goroutine running
2018/05/21 17:57:53.580 [D] [asm_amd64.s:2337] read goroutine running
2018/05/21 17:57:53.587 [D] [asm_amd64.s:2337] read goroutine running
2018/05/21 17:57:53.588 [D] [asm_amd64.s:2337] read goroutine running
2018/05/21 17:57:53.588 [D] [asm_amd64.s:2337] read goroutine running
2018/05/21 17:57:53.588 [D] [asm_amd64.s:2337] read goroutine running
2018/05/21 17:57:53.588 [D] [asm_amd64.s:2337] read goroutine running
2018/05/21 17:57:53.588 [D] [asm_amd64.s:2337] read goroutine running
2018/05/21 17:57:53.588 [D] [asm_amd64.s:2337] read goroutine running
2018/05/21 17:57:53.590 [D] [asm_amd64.s:2337] read goroutine running
2018/05/21 17:57:53.591 [D] [asm_amd64.s:2337] read goroutine running
2018/05/21 17:57:53.591 [D] [asm_amd64.s:2337] read goroutine running
2018/05/21 17:57:53.592 [D] [asm_amd64.s:2337] Dispose goroutine running
2018/05/21 17:57:53.592 [D] [asm_amd64.s:2337] Dispose goroutine running
2018/05/21 17:57:53.592 [D] [asm_amd64.s:2337] Dispose goroutine running
2018/05/21 17:57:53.592 [D] [asm_amd64.s:2337] read goroutine running
2018/05/21 17:57:53.592 [D] [asm_amd64.s:2337] write goroutine running
2018/05/21 17:57:53.592 [D] [asm_amd64.s:2337] write goroutine running
2018/05/21 17:57:53.592 [D] [asm_amd64.s:2337] Dispose goroutine running
2018/05/21 17:57:53.592 [D] [asm_amd64.s:2337] Dispose goroutine running
2018/05/21 17:57:53.592 [D] [asm_amd64.s:2337] Dispose goroutine running
2018/05/21 17:57:53.592 [D] [asm_amd64.s:2337] Dispose goroutine running
2018/05/21 17:57:53.592 [D] [asm_amd64.s:2337] Dispose goroutine running
2018/05/21 17:57:53.592 [D] [asm_amd64.s:2337] read goroutine running
2018/05/21 17:57:53.592 [D] [asm_amd64.s:2337] read goroutine running
2018/05/21 17:57:53.592 [D] [asm_amd64.s:2337] Dispose goroutine running
2018/05/21 17:57:53.592 [D] [asm_amd64.s:2337] read goroutine running
2018/05/21 17:57:53.591 [D] [asm_amd64.s:2337] Dispose goroutine running
2018/05/21 17:57:53.592 [D] [asm_amd64.s:2337] write goroutine running
2018/05/21 17:57:53.593 [D] [asm_amd64.s:2337] write goroutine running
2018/05/21 17:57:53.593 [D] [asm_amd64.s:2337] write goroutine running
2018/05/21 17:57:53.593 [D] [asm_amd64.s:2337] write goroutine running
2018/05/21 17:57:53.593 [D] [asm_amd64.s:2337] write goroutine running
2018/05/21 17:57:53.593 [D] [asm_amd64.s:2337] write goroutine running
2018/05/21 17:57:53.593 [D] [asm_amd64.s:2337] write goroutine running
2018/05/21 17:57:53.593 [D] [asm_amd64.s:2337] write goroutine running
2018/05/21 17:57:53.593 [D] [asm_amd64.s:2337] write goroutine running
2018/05/21 17:57:53.593 [D] [asm_amd64.s:2337] write goroutine running
2018/05/21 17:57:53.593 [D] [asm_amd64.s:2337] write goroutine running
2018/05/21 17:57:53.592 [D] [asm_amd64.s:2337] write goroutine running
2018/05/21 17:57:53.592 [D] [asm_amd64.s:2337] write goroutine running
2018/05/21 17:57:53.592 [D] [asm_amd64.s:2337] write goroutine running
2018/05/21 17:57:53.596 [I] [asm_amd64.s:2337] http server Running on http://:8088
2018/05/21 17:57:55.224 [D] [init.go:62] init logs success
2018/05/21 17:57:55.227 [D] [asm_amd64.s:2337] read goroutine running
2018/05/21 17:57:55.227 [D] [asm_amd64.s:2337] read goroutine running
2018/05/21 17:57:55.228 [D] [asm_amd64.s:2337] read goroutine running
2018/05/21 17:57:55.228 [D] [asm_amd64.s:2337] read goroutine running
2018/05/21 17:57:55.228 [D] [asm_amd64.s:2337] read goroutine running
2018/05/21 17:57:55.229 [D] [asm_amd64.s:2337] read goroutine running
2018/05/21 17:57:55.229 [D] [asm_amd64.s:2337] Dispose goroutine running
2018/05/21 17:57:55.229 [D] [asm_amd64.s:2337] Dispose goroutine running
2018/05/21 17:57:55.229 [D] [asm_amd64.s:2337] Dispose goroutine running
2018/05/21 17:57:55.229 [D] [asm_amd64.s:2337] Dispose goroutine running
2018/05/21 17:57:55.229 [D] [asm_amd64.s:2337] Dispose goroutine running
2018/05/21 17:57:55.229 [D] [asm_amd64.s:2337] Dispose goroutine running
2018/05/21 17:57:55.229 [D] [asm_amd64.s:2337] read goroutine running
2018/05/21 17:57:55.229 [D] [asm_amd64.s:2337] Dispose goroutine running
2018/05/21 17:57:55.229 [D] [asm_amd64.s:2337] Dispose goroutine running
2018/05/21 17:57:55.229 [D] [asm_amd64.s:2337] Dispose goroutine running
2018/05/21 17:57:55.229 [D] [asm_amd64.s:2337] Dispose goroutine running
2018/05/21 17:57:55.229 [D] [asm_amd64.s:2337] read goroutine running
2018/05/21 17:57:55.229 [D] [asm_amd64.s:2337] read goroutine running
2018/05/21 17:57:55.230 [D] [asm_amd64.s:2337] read goroutine running
2018/05/21 17:57:55.230 [D] [asm_amd64.s:2337] read goroutine running
2018/05/21 17:57:55.230 [D] [asm_amd64.s:2337] read goroutine running
2018/05/21 17:57:55.230 [D] [asm_amd64.s:2337] read goroutine running
2018/05/21 17:57:55.230 [D] [asm_amd64.s:2337] read goroutine running
2018/05/21 17:57:55.230 [D] [asm_amd64.s:2337] read goroutine running
2018/05/21 17:57:55.230 [D] [asm_amd64.s:2337] read goroutine running
2018/05/21 17:57:55.235 [D] [asm_amd64.s:2337] write goroutine running
2018/05/21 17:57:55.235 [D] [asm_amd64.s:2337] write goroutine running
2018/05/21 17:57:55.235 [D] [asm_amd64.s:2337] write goroutine running
2018/05/21 17:57:55.235 [D] [asm_amd64.s:2337] write goroutine running
2018/05/21 17:57:55.235 [D] [asm_amd64.s:2337] write goroutine running
2018/05/21 17:57:55.235 [D] [asm_amd64.s:2337] write goroutine running
2018/05/21 17:57:55.235 [D] [asm_amd64.s:2337] write goroutine running
2018/05/21 17:57:55.235 [D] [asm_amd64.s:2337] write goroutine running
2018/05/21 17:57:55.235 [D] [asm_amd64.s:2337] write goroutine running
2018/05/21 17:57:55.235 [D] [asm_amd64.s:2337] write goroutine running
2018/05/21 17:57:55.235 [D] [asm_amd64.s:2337] write goroutine running
2018/05/21 17:57:55.235 [D] [asm_amd64.s:2337] write goroutine running
2018/05/21 17:57:55.235 [D] [asm_amd64.s:2337] write goroutine running
2018/05/21 17:57:55.235 [D] [asm_amd64.s:2337] write goroutine running
2018/05/21 17:57:55.235 [D] [asm_amd64.s:2337] write goroutine running
2018/05/21 17:57:55.235 [D] [asm_amd64.s:2337] write goroutine running
2018/05/21 17:57:55.241 [I] [asm_amd64.s:2337] http server Running on http://:8088
2018/05/21 17:57:55.560 [D] [server.go:2610] 127.0.0.1 - - [21/May/2018 05:57:55] "GET /index/index HTTP/1.1 200 0" 0.005482 http://127.0.0.1:8080/seckill/seckill/2 Mozilla/5.0 (Macintosh; Intel Mac OS X 10_13_4) AppleWebKit/537.36 (KHTML, like Gecko) Chrome/66.0.3359.181 Safari/537.36

2018/05/21 17:57:57.203 [D] [server.go:2610] 127.0.0.1 - - [21/May/2018 05:57:57] "GET /seckill/index HTTP/1.1 200 0" 0.001671 http://127.0.0.1:8080/index/index Mozilla/5.0 (Macintosh; Intel Mac OS X 10_13_4) AppleWebKit/537.36 (KHTML, like Gecko) Chrome/66.0.3359.181 Safari/537.36

2018/05/21 17:57:58.983 [D] [asm_amd64.s:2337] pop from queue, data:{"ActivityId":2,"UserId":1,"Ip":"127.0.0.1:51599","ClientAddr":"http://127.0.0.1:8080/seckill/index","ClientRefence":"127.0.0.1"}
2018/05/21 17:57:58.984 [D] [asm_amd64.s:2337] begin Dispose request:&{2 1 127.0.0.1:51599 http://127.0.0.1:8080/seckill/index 127.0.0.1 <nil> <nil>}
2018/05/21 17:57:59.102 [D] [asm_amd64.s:2337] rpop from redis succ, data:{"ActivityId":2,"UserId":1,"Token":"69729c521e3f0391365bc2b51d1ac70b","Error":null}
2018/05/21 17:57:59.104 [D] [server.go:2610] 127.0.0.1 - - [21/May/2018 05:57:58] "GET /seckill/seckill/2 HTTP/1.1 200 0" 0.122498 http://127.0.0.1:8080/seckill/index Mozilla/5.0 (Macintosh; Intel Mac OS X 10_13_4) AppleWebKit/537.36 (KHTML, like Gecko) Chrome/66.0.3359.181 Safari/537.36

2018/05/21 17:58:15.803 [D] [server.go:2610] 127.0.0.1 - - [21/May/2018 05:58:15] "GET /seckill/index HTTP/1.1 200 0" 0.003457 http://127.0.0.1:8080/index/index Mozilla/5.0 (Macintosh; Intel Mac OS X 10_13_4) AppleWebKit/537.36 (KHTML, like Gecko) Chrome/66.0.3359.181 Safari/537.36

2018/05/21 17:58:17.141 [D] [server.go:2610] 127.0.0.1 - - [21/May/2018 05:58:17] "GET /seckill/index HTTP/1.1 200 0" 0.000582 http://127.0.0.1:8080/index/index Mozilla/5.0 (Macintosh; Intel Mac OS X 10_13_4) AppleWebKit/537.36 (KHTML, like Gecko) Chrome/66.0.3359.181 Safari/537.36

